
SQL*Loader: Release 18.0.0.0.0 - Production on Sun Mar 19 20:17:35 2023
Version 18.5.0.0.0

Copyright (c) 1982, 2018, Oracle and/or its affiliates.  All rights reserved.

Control File:   archivo.ctl
Character Set UTF8 specified for all input.
First primary datafile DB_EXCEL.csv has a
 utf8 byte order mark in it.

Data File:      DB_EXCEL.csv
  Bad File:     DB_EXCEL.bad
  Discard File:  none specified
 
 (Allow all discards)

Number to load: ALL
Number to skip: 1
Errors allowed: 50
Bind array:     250 rows, maximum of 1048576 bytes
Continuation:    none specified
Path used:      Conventional

Table TEMP, loaded from every logical record.
Insert option in effect for this table: TRUNCATE
TRAILING NULLCOLS option in effect

   Column Name                  Position   Len  Term Encl Datatype
------------------------------ ---------- ----- ---- ---- ---------------------
NOMBRE_VICTIMA                      FIRST     *   ;       CHARACTER            
APELLIDO_VICTIMA                     NEXT     *   ;       CHARACTER            
DIRECCION_VICTIMA                    NEXT     *   ;       CHARACTER            
FECHA_SOSPECHA                       NEXT     *   ;       DATE DD-MM-YYYY HH24.MI
FECHA_CONFIRMACION                   NEXT     *   ;       DATE DD-MM-YYYY HH24.MI
FECHA_MUERTE                         NEXT     *   ;       DATE DD-MM-YYYY HH24.MI
ESTADO                               NEXT     *   ;       CHARACTER            
NOMBRE_ASOCIADO                      NEXT     *   ;       CHARACTER            
APELLIDO_ASOCIADO                    NEXT     *   ;       CHARACTER            
FECHA_CONOCIO                        NEXT     *   ;       DATE DD-MM-YYYY HH24.MI
CONTACTO                             NEXT     *   ;       CHARACTER            
FECHA_INICIO_CONTACTO                NEXT     *   ;       DATE DD-MM-YYYY HH24.MI
FECHA_FINAL_CONTACTO                 NEXT     *   ;       DATE DD-MM-YYYY HH24.MI
NOMBRE_HOSPITAL                      NEXT     *   ;       CHARACTER            
DIRECCION_HOSPITAL                   NEXT     *   ;       CHARACTER            
UBICACION_VICTIMA                    NEXT     *   ;       CHARACTER            
FECHA_LLEGADA                        NEXT     *   ;       DATE DD-MM-YYYY HH24.MI
FECHA_RETIRO                         NEXT     *   ;       DATE DD-MM-YYYY HH24.MI
TRATAMIENTO                          NEXT     *   ;       CHARACTER            
EFECTIVIDAD                          NEXT     *   ;       CHARACTER            
FECHA_INICIO_TRATAMIENTO             NEXT     *   ;       DATE DD-MM-YYYY HH24.MI
FECHA_FINAL_TRATAMIENTO              NEXT     *   ;       DATE DD-MM-YYYY HH24.MI
EFECTIVIDAD_PACIENTE                 NEXT     *   ;       CHARACTER            

value used for ROWS parameter changed from 250 to 176

Table TEMP:
  14032 Rows successfully loaded.
  0 Rows not loaded due to data errors.
  0 Rows not loaded because all WHEN clauses were failed.
  0 Rows not loaded because all fields were null.


Space allocated for bind array:                1044384 bytes(176 rows)
Read   buffer bytes: 1048576

Total logical records skipped:          1
Total logical records read:         14032
Total logical records rejected:         0
Total logical records discarded:        0

Run began on Sun Mar 19 20:17:35 2023
Run ended on Sun Mar 19 20:18:03 2023

Elapsed time was:     00:00:28.53
CPU time was:         00:00:00.07
